<?xml version="1.0" encoding="UTF-8"?>
<testsuite name="bionicTestPrototype.runnerClass" tests="0" skipped="0" failures="0" errors="0" timestamp="1970-01-01T00:00:00" hostname="MIC-LAP225" time="0.0">
  <properties/>
  <system-out><![CDATA[verifyTitle - Test Passed!

1 Scenarios (?[32m1 passed?[0m)
2 Steps (?[32m2 passed?[0m)
0m8.744s

]]></system-out>
  <system-err><![CDATA[]]></system-err>
</testsuite>
