<?xml version="1.0" encoding="UTF-8"?>
<testsuite name="| https://bionic-qa.makeiteasy.com/ |" tests="3" skipped="0" failures="0" errors="0" timestamp="2020-05-02T00:58:57" hostname="MIC-LAP225" time="0.011">
  <properties/>
  <testcase name="Given I navigate to bionic landing page with &quot;https://bionic-qa.makeiteasy.com/&quot;" classname="| https://bionic-qa.makeiteasy.com/ |" time="0.0"/>
  <testcase name="Then I verify tile content &quot;Bionic - Your Business Essentials Sorted | Bionic&quot;" classname="| https://bionic-qa.makeiteasy.com/ |" time="0.0"/>
  <testcase name="classMethod" classname="| https://bionic-qa.makeiteasy.com/ |" time="8.805"/>
  <system-out><![CDATA[]]></system-out>
  <system-err><![CDATA[Starting ChromeDriver 72.0.3626.69 (3c16f8a135abc0d4da2dff33804db79b849a7c38) on port 32165
Only local connections are allowed.
Please protect ports used by ChromeDriver and related test frameworks to prevent access by malicious code.
May 02, 2020 1:58:51 AM org.openqa.selenium.remote.ProtocolHandshake createSession
INFO: Detected dialect: OSS
]]></system-err>
</testsuite>
